<?xml version="1.0" encoding="UTF-8"?>
<!-- Generated by org.testng.reporters.JUnitReportReporter -->
<testsuite skipped="0" hostname="Ravi-PC" name="com.freeCrm.Test.NewCompanyTest" tests="1" failures="0" timestamp="10 May 2018 12:51:51 GMT" time="25.002" errors="0">
  <testcase name="companyLinkTest" time="25.002" classname="com.freeCrm.Test.NewCompanyTest"/>
</testsuite> <!-- com.freeCrm.Test.NewCompanyTest -->
