<?xml version="1.0" encoding="UTF-8"?>
<!-- Generated by org.testng.reporters.JUnitReportReporter -->
<testsuite skipped="0" hostname="Ravi-PC" name="com.freeCrm.Test.HomeTest" tests="4" failures="0" timestamp="09 May 2018 14:37:32 GMT" time="84.007" errors="0">
  <testcase name="comparingTitle" time="18.694" classname="com.freeCrm.Test.HomeTest"/>
  <testcase name="clickLogOutTest" time="19.493" classname="com.freeCrm.Test.HomeTest"/>
  <testcase name="clickOnCompaniesTest" time="23.237" classname="com.freeCrm.Test.HomeTest"/>
  <testcase name="clickOnNewEvent" time="22.583" classname="com.freeCrm.Test.HomeTest"/>
</testsuite> <!-- com.freeCrm.Test.HomeTest -->
