<?xml version="1.0" encoding="UTF-8"?>
<!-- Generated by org.testng.reporters.JUnitReportReporter -->
<testsuite skipped="0" hostname="Ravi-PC" name="com.freeCrm.Test.HomeTest" tests="4" failures="0" timestamp="10 May 2018 11:46:17 GMT" time="94.655" errors="0">
  <testcase name="comparingTitle" time="21.339" classname="com.freeCrm.Test.HomeTest"/>
  <testcase name="clickLogOutTest" time="25.308" classname="com.freeCrm.Test.HomeTest"/>
  <testcase name="clickOnCompaniesTest" time="26.265" classname="com.freeCrm.Test.HomeTest"/>
  <testcase name="clickOnNewEvent" time="21.743" classname="com.freeCrm.Test.HomeTest"/>
</testsuite> <!-- com.freeCrm.Test.HomeTest -->
