<?xml version="1.0" encoding="UTF-8"?>
<!-- Generated by org.testng.reporters.JUnitReportReporter -->
<testsuite skipped="0" hostname="Ravi-PC" name="com.freeCrm.Test.NewComPaTest" tests="1" failures="0" timestamp="10 May 2018 12:55:48 GMT" time="24.387" errors="0">
  <testcase name="enteringInfo" time="24.387" classname="com.freeCrm.Test.NewComPaTest"/>
</testsuite> <!-- com.freeCrm.Test.NewComPaTest -->
